{"/app/src/app.js": {"path":"/app/src/app.js","statementMap":{"0":{"start":{"line":1,"column":16},"end":{"line":1,"column":34}},"1":{"start":{"line":2,"column":19},"end":{"line":2,"column":41}},"2":{"start":{"line":3,"column":13},"end":{"line":3,"column":28}},"3":{"start":{"line":4,"column":12},"end":{"line":4,"column":30}},"4":{"start":{"line":5,"column":15},"end":{"line":5,"column":34}},"5":{"start":{"line":7,"column":0},"end":{"line":9,"column":1}},"6":{"start":{"line":8,"column":4},"end":{"line":8,"column":65}},"7":{"start":{"line":11,"column":15},"end":{"line":11,"column":34}},"8":{"start":{"line":12,"column":18},"end":{"line":12,"column":47}},"9":{"start":{"line":13,"column":24},"end":{"line":13,"column":49}},"10":{"start":{"line":14,"column":12},"end":{"line":14,"column":21}},"11":{"start":{"line":16,"column":0},"end":{"line":16,"column":16}},"12":{"start":{"line":18,"column":0},"end":{"line":23,"column":3}},"13":{"start":{"line":19,"column":16},"end":{"line":21,"column":5}},"14":{"start":{"line":22,"column":4},"end":{"line":22,"column":30}},"15":{"start":{"line":25,"column":0},"end":{"line":32,"column":3}},"16":{"start":{"line":26,"column":19},"end":{"line":30,"column":5}},"17":{"start":{"line":31,"column":4},"end":{"line":31,"column":33}},"18":{"start":{"line":34,"column":0},"end":{"line":34,"column":71}},"19":{"start":{"line":36,"column":0},"end":{"line":36,"column":27}},"20":{"start":{"line":38,"column":0},"end":{"line":41,"column":2}},"21":{"start":{"line":43,"column":0},"end":{"line":46,"column":3}},"22":{"start":{"line":44,"column":4},"end":{"line":44,"column":37}},"23":{"start":{"line":45,"column":4},"end":{"line":45,"column":11}},"24":{"start":{"line":48,"column":0},"end":{"line":48,"column":21}},"25":{"start":{"line":50,"column":0},"end":{"line":50,"column":21}}},"fnMap":{"0":{"name":"(anonymous_0)","decl":{"start":{"line":18,"column":13},"end":{"line":18,"column":14}},"loc":{"start":{"line":18,"column":27},"end":{"line":23,"column":1}},"line":18},"1":{"name":"(anonymous_1)","decl":{"start":{"line":25,"column":19},"end":{"line":25,"column":20}},"loc":{"start":{"line":25,"column":33},"end":{"line":32,"column":1}},"line":25},"2":{"name":"(anonymous_2)","decl":{"start":{"line":43,"column":8},"end":{"line":43,"column":9}},"loc":{"start":{"line":43,"column":28},"end":{"line":46,"column":1}},"line":43}},"branchMap":{"0":{"loc":{"start":{"line":7,"column":0},"end":{"line":9,"column":1}},"type":"if","locations":[{"start":{"line":7,"column":0},"end":{"line":9,"column":1}},{"start":{},"end":{}}],"line":7}},"s":{"0":1,"1":1,"2":1,"3":1,"4":1,"5":1,"6":1,"7":1,"8":1,"9":1,"10":1,"11":1,"12":1,"13":1,"14":1,"15":1,"16":1,"17":1,"18":1,"19":1,"20":1,"21":1,"22":0,"23":0,"24":1,"25":1},"f":{"0":1,"1":1,"2":0},"b":{"0":[1,0]},"_coverageSchema":"1a1c01bbd47fc00a2c39e90264f33305004495a9","hash":"4106594f45fff21432a56af07fbf8fc30a5daeda"}
,"/app/src/config.js": {"path":"/app/src/config.js","statementMap":{"0":{"start":{"line":1,"column":17},"end":{"line":1,"column":29}},"1":{"start":{"line":2,"column":0},"end":{"line":6,"column":3}},"2":{"start":{"line":3,"column":4},"end":{"line":5,"column":5}},"3":{"start":{"line":4,"column":8},"end":{"line":4,"column":69}},"4":{"start":{"line":7,"column":15},"end":{"line":9,"column":1}},"5":{"start":{"line":11,"column":0},"end":{"line":11,"column":24}}},"fnMap":{"0":{"name":"(anonymous_0)","decl":{"start":{"line":2,"column":17},"end":{"line":2,"column":18}},"loc":{"start":{"line":2,"column":28},"end":{"line":6,"column":1}},"line":2}},"branchMap":{"0":{"loc":{"start":{"line":3,"column":4},"end":{"line":5,"column":5}},"type":"if","locations":[{"start":{"line":3,"column":4},"end":{"line":5,"column":5}},{"start":{},"end":{}}],"line":3}},"s":{"0":1,"1":1,"2":1,"3":0,"4":1,"5":1},"f":{"0":1},"b":{"0":[0,1]},"_coverageSchema":"1a1c01bbd47fc00a2c39e90264f33305004495a9","hash":"ea3c54fd3281ee19455adc7b6c332674ac620464"}
,"/app/src/router.js": {"path":"/app/src/router.js","statementMap":{"0":{"start":{"line":1,"column":16},"end":{"line":1,"column":34}},"1":{"start":{"line":2,"column":15},"end":{"line":2,"column":31}},"2":{"start":{"line":3,"column":16},"end":{"line":3,"column":20}},"3":{"start":{"line":4,"column":26},"end":{"line":4,"column":69}},"4":{"start":{"line":6,"column":0},"end":{"line":6,"column":64}},"5":{"start":{"line":7,"column":0},"end":{"line":7,"column":77}},"6":{"start":{"line":8,"column":0},"end":{"line":8,"column":73}},"7":{"start":{"line":9,"column":0},"end":{"line":9,"column":67}},"8":{"start":{"line":10,"column":0},"end":{"line":10,"column":78}},"9":{"start":{"line":11,"column":0},"end":{"line":11,"column":79}},"10":{"start":{"line":13,"column":0},"end":{"line":13,"column":24}}},"fnMap":{},"branchMap":{},"s":{"0":1,"1":1,"2":1,"3":1,"4":1,"5":1,"6":1,"7":1,"8":1,"9":1,"10":1},"f":{},"b":{},"_coverageSchema":"1a1c01bbd47fc00a2c39e90264f33305004495a9","hash":"41328a6eb8d993a401faad7114280ff47a9208da"}
,"/app/src/controllers/players.controller.js": {"path":"/app/src/controllers/players.controller.js","statementMap":{"0":{"start":{"line":1,"column":21},"end":{"line":1,"column":55}},"1":{"start":{"line":2,"column":12},"end":{"line":2,"column":29}},"2":{"start":{"line":4,"column":21},"end":{"line":6,"column":1}},"3":{"start":{"line":5,"column":4},"end":{"line":5,"column":22}},"4":{"start":{"line":8,"column":22},"end":{"line":10,"column":1}},"5":{"start":{"line":9,"column":4},"end":{"line":9,"column":64}},"6":{"start":{"line":14,"column":23},"end":{"line":14,"column":37}},"7":{"start":{"line":15,"column":8},"end":{"line":15,"column":70}},"8":{"start":{"line":16,"column":8},"end":{"line":24,"column":9}},"9":{"start":{"line":17,"column":27},"end":{"line":17,"column":58}},"10":{"start":{"line":18,"column":12},"end":{"line":18,"column":84}},"11":{"start":{"line":19,"column":12},"end":{"line":19,"column":39}},"12":{"start":{"line":20,"column":12},"end":{"line":20,"column":41}},"13":{"start":{"line":22,"column":12},"end":{"line":22,"column":64}},"14":{"start":{"line":23,"column":12},"end":{"line":23,"column":70}},"15":{"start":{"line":28,"column":25},"end":{"line":28,"column":44}},"16":{"start":{"line":29,"column":23},"end":{"line":29,"column":37}},"17":{"start":{"line":30,"column":8},"end":{"line":30,"column":70}},"18":{"start":{"line":31,"column":8},"end":{"line":42,"column":9}},"19":{"start":{"line":32,"column":27},"end":{"line":32,"column":65}},"20":{"start":{"line":33,"column":12},"end":{"line":33,"column":84}},"21":{"start":{"line":34,"column":12},"end":{"line":38,"column":13}},"22":{"start":{"line":35,"column":16},"end":{"line":35,"column":45}},"23":{"start":{"line":37,"column":16},"end":{"line":37,"column":69}},"24":{"start":{"line":40,"column":12},"end":{"line":40,"column":64}},"25":{"start":{"line":41,"column":12},"end":{"line":41,"column":70}},"26":{"start":{"line":46,"column":51},"end":{"line":46,"column":59}},"27":{"start":{"line":47,"column":23},"end":{"line":47,"column":37}},"28":{"start":{"line":48,"column":23},"end":{"line":48,"column":31}},"29":{"start":{"line":49,"column":8},"end":{"line":55,"column":10}},"30":{"start":{"line":56,"column":8},"end":{"line":67,"column":9}},"31":{"start":{"line":61,"column":12},"end":{"line":65,"column":14}},"32":{"start":{"line":66,"column":12},"end":{"line":66,"column":80}},"33":{"start":{"line":68,"column":8},"end":{"line":75,"column":9}},"34":{"start":{"line":69,"column":12},"end":{"line":69,"column":84}},"35":{"start":{"line":70,"column":12},"end":{"line":70,"column":79}},"36":{"start":{"line":71,"column":12},"end":{"line":71,"column":65}},"37":{"start":{"line":73,"column":12},"end":{"line":73,"column":64}},"38":{"start":{"line":74,"column":12},"end":{"line":74,"column":70}},"39":{"start":{"line":79,"column":25},"end":{"line":79,"column":44}},"40":{"start":{"line":80,"column":41},"end":{"line":80,"column":49}},"41":{"start":{"line":81,"column":23},"end":{"line":81,"column":37}},"42":{"start":{"line":82,"column":8},"end":{"line":89,"column":10}},"43":{"start":{"line":90,"column":8},"end":{"line":102,"column":9}},"44":{"start":{"line":95,"column":12},"end":{"line":99,"column":14}},"45":{"start":{"line":100,"column":12},"end":{"line":101,"column":11}},"46":{"start":{"line":103,"column":8},"end":{"line":110,"column":9}},"47":{"start":{"line":104,"column":12},"end":{"line":104,"column":76}},"48":{"start":{"line":105,"column":12},"end":{"line":105,"column":76}},"49":{"start":{"line":106,"column":12},"end":{"line":106,"column":65}},"50":{"start":{"line":108,"column":12},"end":{"line":108,"column":64}},"51":{"start":{"line":109,"column":12},"end":{"line":109,"column":70}},"52":{"start":{"line":114,"column":25},"end":{"line":114,"column":44}},"53":{"start":{"line":115,"column":23},"end":{"line":115,"column":37}},"54":{"start":{"line":116,"column":8},"end":{"line":116,"column":70}},"55":{"start":{"line":117,"column":8},"end":{"line":125,"column":9}},"56":{"start":{"line":118,"column":27},"end":{"line":118,"column":68}},"57":{"start":{"line":119,"column":12},"end":{"line":120,"column":36}},"58":{"start":{"line":121,"column":12},"end":{"line":121,"column":41}},"59":{"start":{"line":123,"column":12},"end":{"line":123,"column":64}},"60":{"start":{"line":124,"column":12},"end":{"line":124,"column":70}},"61":{"start":{"line":129,"column":23},"end":{"line":129,"column":37}},"62":{"start":{"line":130,"column":8},"end":{"line":130,"column":70}},"63":{"start":{"line":131,"column":8},"end":{"line":139,"column":9}},"64":{"start":{"line":132,"column":25},"end":{"line":132,"column":58}},"65":{"start":{"line":133,"column":12},"end":{"line":133,"column":82}},"66":{"start":{"line":134,"column":12},"end":{"line":134,"column":30}},"67":{"start":{"line":135,"column":12},"end":{"line":135,"column":39}},"68":{"start":{"line":137,"column":12},"end":{"line":137,"column":64}},"69":{"start":{"line":138,"column":12},"end":{"line":138,"column":70}},"70":{"start":{"line":143,"column":0},"end":{"line":143,"column":35}}},"fnMap":{"0":{"name":"(anonymous_0)","decl":{"start":{"line":4,"column":21},"end":{"line":4,"column":22}},"loc":{"start":{"line":4,"column":27},"end":{"line":6,"column":1}},"line":4},"1":{"name":"(anonymous_1)","decl":{"start":{"line":8,"column":22},"end":{"line":8,"column":23}},"loc":{"start":{"line":8,"column":33},"end":{"line":10,"column":1}},"line":8},"2":{"name":"(anonymous_2)","decl":{"start":{"line":13,"column":4},"end":{"line":13,"column":5}},"loc":{"start":{"line":13,"column":38},"end":{"line":25,"column":5}},"line":13},"3":{"name":"(anonymous_3)","decl":{"start":{"line":27,"column":4},"end":{"line":27,"column":5}},"loc":{"start":{"line":27,"column":37},"end":{"line":43,"column":5}},"line":27},"4":{"name":"(anonymous_4)","decl":{"start":{"line":45,"column":4},"end":{"line":45,"column":5}},"loc":{"start":{"line":45,"column":40},"end":{"line":76,"column":5}},"line":45},"5":{"name":"(anonymous_5)","decl":{"start":{"line":78,"column":4},"end":{"line":78,"column":5}},"loc":{"start":{"line":78,"column":40},"end":{"line":111,"column":5}},"line":78},"6":{"name":"(anonymous_6)","decl":{"start":{"line":113,"column":4},"end":{"line":113,"column":5}},"loc":{"start":{"line":113,"column":40},"end":{"line":126,"column":5}},"line":113},"7":{"name":"(anonymous_7)","decl":{"start":{"line":128,"column":4},"end":{"line":128,"column":5}},"loc":{"start":{"line":128,"column":40},"end":{"line":140,"column":5}},"line":128}},"branchMap":{"0":{"loc":{"start":{"line":9,"column":11},"end":{"line":9,"column":63}},"type":"binary-expr","locations":[{"start":{"line":9,"column":11},"end":{"line":9,"column":36}},{"start":{"line":9,"column":40},"end":{"line":9,"column":63}}],"line":9},"1":{"loc":{"start":{"line":34,"column":12},"end":{"line":38,"column":13}},"type":"if","locations":[{"start":{"line":34,"column":12},"end":{"line":38,"column":13}},{"start":{"line":36,"column":19},"end":{"line":38,"column":13}}],"line":34},"2":{"loc":{"start":{"line":34,"column":16},"end":{"line":34,"column":54}},"type":"binary-expr","locations":[{"start":{"line":34,"column":16},"end":{"line":34,"column":37}},{"start":{"line":34,"column":41},"end":{"line":34,"column":54}}],"line":34},"3":{"loc":{"start":{"line":56,"column":8},"end":{"line":67,"column":9}},"type":"if","locations":[{"start":{"line":56,"column":8},"end":{"line":67,"column":9}},{"start":{},"end":{}}],"line":56},"4":{"loc":{"start":{"line":57,"column":12},"end":{"line":59,"column":36}},"type":"binary-expr","locations":[{"start":{"line":57,"column":12},"end":{"line":57,"column":36}},{"start":{"line":58,"column":12},"end":{"line":58,"column":38}},{"start":{"line":59,"column":12},"end":{"line":59,"column":36}}],"line":57},"5":{"loc":{"start":{"line":90,"column":8},"end":{"line":102,"column":9}},"type":"if","locations":[{"start":{"line":90,"column":8},"end":{"line":102,"column":9}},{"start":{},"end":{}}],"line":90},"6":{"loc":{"start":{"line":91,"column":12},"end":{"line":93,"column":36}},"type":"binary-expr","locations":[{"start":{"line":91,"column":12},"end":{"line":91,"column":36}},{"start":{"line":92,"column":12},"end":{"line":92,"column":38}},{"start":{"line":93,"column":12},"end":{"line":93,"column":36}}],"line":91}},"s":{"0":1,"1":1,"2":1,"3":0,"4":1,"5":0,"6":0,"7":0,"8":0,"9":0,"10":0,"11":0,"12":0,"13":0,"14":0,"15":0,"16":0,"17":0,"18":0,"19":0,"20":0,"21":0,"22":0,"23":0,"24":0,"25":0,"26":0,"27":0,"28":0,"29":0,"30":0,"31":0,"32":0,"33":0,"34":0,"35":0,"36":0,"37":0,"38":0,"39":0,"40":0,"41":0,"42":0,"43":0,"44":0,"45":0,"46":0,"47":0,"48":0,"49":0,"50":0,"51":0,"52":0,"53":0,"54":0,"55":0,"56":0,"57":0,"58":0,"59":0,"60":0,"61":0,"62":0,"63":0,"64":0,"65":0,"66":0,"67":0,"68":0,"69":0,"70":1},"f":{"0":0,"1":0,"2":0,"3":0,"4":0,"5":0,"6":0,"7":0},"b":{"0":[0,0],"1":[0,0],"2":[0,0],"3":[0,0],"4":[0,0,0],"5":[0,0],"6":[0,0,0]},"_coverageSchema":"1a1c01bbd47fc00a2c39e90264f33305004495a9","hash":"db4b2c96d2fa87e5883723f5f055d7f647c69fa3"}
,"/app/src/daos/players.dao.js": {"path":"/app/src/daos/players.dao.js","statementMap":{"0":{"start":{"line":1,"column":27},"end":{"line":1,"column":73}},"1":{"start":{"line":5,"column":23},"end":{"line":14,"column":9}},"2":{"start":{"line":15,"column":23},"end":{"line":15,"column":61}},"3":{"start":{"line":16,"column":8},"end":{"line":16,"column":28}},"4":{"start":{"line":20,"column":23},"end":{"line":29,"column":9}},"5":{"start":{"line":30,"column":23},"end":{"line":30,"column":61}},"6":{"start":{"line":31,"column":8},"end":{"line":31,"column":28}},"7":{"start":{"line":35,"column":23},"end":{"line":39,"column":9}},"8":{"start":{"line":40,"column":8},"end":{"line":40,"column":46}},"9":{"start":{"line":44,"column":23},"end":{"line":56,"column":9}},"10":{"start":{"line":57,"column":8},"end":{"line":57,"column":49}},"11":{"start":{"line":61,"column":23},"end":{"line":67,"column":9}},"12":{"start":{"line":68,"column":8},"end":{"line":68,"column":49}},"13":{"start":{"line":72,"column":23},"end":{"line":82,"column":9}},"14":{"start":{"line":83,"column":23},"end":{"line":83,"column":61}},"15":{"start":{"line":84,"column":8},"end":{"line":84,"column":28}},"16":{"start":{"line":88,"column":4},"end":{"line":88,"column":32}}},"fnMap":{"0":{"name":"(anonymous_0)","decl":{"start":{"line":4,"column":4},"end":{"line":4,"column":5}},"loc":{"start":{"line":4,"column":41},"end":{"line":17,"column":5}},"line":4},"1":{"name":"(anonymous_1)","decl":{"start":{"line":19,"column":4},"end":{"line":19,"column":5}},"loc":{"start":{"line":19,"column":37},"end":{"line":32,"column":5}},"line":19},"2":{"name":"(anonymous_2)","decl":{"start":{"line":34,"column":4},"end":{"line":34,"column":5}},"loc":{"start":{"line":34,"column":36},"end":{"line":41,"column":5}},"line":34},"3":{"name":"(anonymous_3)","decl":{"start":{"line":43,"column":4},"end":{"line":43,"column":5}},"loc":{"start":{"line":43,"column":62},"end":{"line":58,"column":5}},"line":43},"4":{"name":"(anonymous_4)","decl":{"start":{"line":60,"column":4},"end":{"line":60,"column":5}},"loc":{"start":{"line":60,"column":40},"end":{"line":69,"column":5}},"line":60},"5":{"name":"(anonymous_5)","decl":{"start":{"line":71,"column":4},"end":{"line":71,"column":5}},"loc":{"start":{"line":71,"column":62},"end":{"line":85,"column":9}},"line":71}},"branchMap":{"0":{"loc":{"start":{"line":4,"column":28},"end":{"line":4,"column":39}},"type":"default-arg","locations":[{"start":{"line":4,"column":36},"end":{"line":4,"column":39}}],"line":4},"1":{"loc":{"start":{"line":71,"column":50},"end":{"line":71,"column":60}},"type":"default-arg","locations":[{"start":{"line":71,"column":58},"end":{"line":71,"column":60}}],"line":71}},"s":{"0":1,"1":0,"2":0,"3":0,"4":0,"5":0,"6":0,"7":0,"8":0,"9":0,"10":0,"11":0,"12":0,"13":0,"14":0,"15":0,"16":1},"f":{"0":0,"1":0,"2":0,"3":0,"4":0,"5":0},"b":{"0":[0],"1":[0]},"_coverageSchema":"1a1c01bbd47fc00a2c39e90264f33305004495a9","hash":"f6440172c17c8e066977f4fcc1cd1cdfc009ebfd"}
,"/app/src/models/players.model.js": {"path":"/app/src/models/players.model.js","statementMap":{"0":{"start":{"line":1,"column":19},"end":{"line":1,"column":49}},"1":{"start":{"line":3,"column":16},"end":{"line":8,"column":1}},"2":{"start":{"line":4,"column":4},"end":{"line":7,"column":5}},"3":{"start":{"line":4,"column":17},"end":{"line":4,"column":33}},"4":{"start":{"line":5,"column":16},"end":{"line":5,"column":51}},"5":{"start":{"line":6,"column":8},"end":{"line":6,"column":52}},"6":{"start":{"line":12,"column":8},"end":{"line":12,"column":39}},"7":{"start":{"line":16,"column":8},"end":{"line":16,"column":46}},"8":{"start":{"line":20,"column":21},"end":{"line":20,"column":63}},"9":{"start":{"line":21,"column":8},"end":{"line":21,"column":45}},"10":{"start":{"line":25,"column":8},"end":{"line":25,"column":71}},"11":{"start":{"line":29,"column":8},"end":{"line":29,"column":49}},"12":{"start":{"line":33,"column":27},"end":{"line":33,"column":75}},"13":{"start":{"line":34,"column":26},"end":{"line":34,"column":72}},"14":{"start":{"line":35,"column":28},"end":{"line":35,"column":76}},"15":{"start":{"line":36,"column":25},"end":{"line":36,"column":70}},"16":{"start":{"line":37,"column":8},"end":{"line":37,"column":62}},"17":{"start":{"line":41,"column":18},"end":{"line":41,"column":65}},"18":{"start":{"line":42,"column":8},"end":{"line":42,"column":30}},"19":{"start":{"line":43,"column":8},"end":{"line":43,"column":19}},"20":{"start":{"line":44,"column":24},"end":{"line":44,"column":26}},"21":{"start":{"line":45,"column":8},"end":{"line":47,"column":9}},"22":{"start":{"line":45,"column":21},"end":{"line":45,"column":22}},"23":{"start":{"line":46,"column":12},"end":{"line":46,"column":31}},"24":{"start":{"line":48,"column":8},"end":{"line":48,"column":23}},"25":{"start":{"line":51,"column":0},"end":{"line":51,"column":30}}},"fnMap":{"0":{"name":"(anonymous_0)","decl":{"start":{"line":3,"column":16},"end":{"line":3,"column":17}},"loc":{"start":{"line":3,"column":27},"end":{"line":8,"column":1}},"line":3},"1":{"name":"(anonymous_1)","decl":{"start":{"line":11,"column":4},"end":{"line":11,"column":5}},"loc":{"start":{"line":11,"column":24},"end":{"line":13,"column":5}},"line":11},"2":{"name":"(anonymous_2)","decl":{"start":{"line":15,"column":4},"end":{"line":15,"column":5}},"loc":{"start":{"line":15,"column":31},"end":{"line":17,"column":5}},"line":15},"3":{"name":"(anonymous_3)","decl":{"start":{"line":19,"column":4},"end":{"line":19,"column":5}},"loc":{"start":{"line":19,"column":70},"end":{"line":22,"column":5}},"line":19},"4":{"name":"(anonymous_4)","decl":{"start":{"line":24,"column":4},"end":{"line":24,"column":5}},"loc":{"start":{"line":24,"column":62},"end":{"line":26,"column":5}},"line":24},"5":{"name":"(anonymous_5)","decl":{"start":{"line":28,"column":4},"end":{"line":28,"column":5}},"loc":{"start":{"line":28,"column":34},"end":{"line":30,"column":5}},"line":28},"6":{"name":"(anonymous_6)","decl":{"start":{"line":32,"column":4},"end":{"line":32,"column":5}},"loc":{"start":{"line":32,"column":32},"end":{"line":38,"column":5}},"line":32},"7":{"name":"(anonymous_7)","decl":{"start":{"line":40,"column":4},"end":{"line":40,"column":5}},"loc":{"start":{"line":40,"column":58},"end":{"line":49,"column":5}},"line":40}},"branchMap":{},"s":{"0":1,"1":1,"2":0,"3":0,"4":0,"5":0,"6":0,"7":0,"8":0,"9":0,"10":0,"11":0,"12":0,"13":0,"14":0,"15":0,"16":0,"17":0,"18":0,"19":0,"20":0,"21":0,"22":0,"23":0,"24":0,"25":1},"f":{"0":0,"1":0,"2":0,"3":0,"4":0,"5":0,"6":0,"7":0},"b":{},"_coverageSchema":"1a1c01bbd47fc00a2c39e90264f33305004495a9","hash":"514ff7f64a55435b16bf8775635c20bdf1a83e37"}
,"/app/src/repositories/dynamodb.repository.js": {"path":"/app/src/repositories/dynamodb.repository.js","statementMap":{"0":{"start":{"line":1,"column":12},"end":{"line":1,"column":30}},"1":{"start":{"line":3,"column":17},"end":{"line":5,"column":2}},"2":{"start":{"line":7,"column":22},"end":{"line":17,"column":1}},"3":{"start":{"line":8,"column":4},"end":{"line":16,"column":7}},"4":{"start":{"line":9,"column":8},"end":{"line":15,"column":11}},"5":{"start":{"line":10,"column":12},"end":{"line":14,"column":13}},"6":{"start":{"line":11,"column":16},"end":{"line":11,"column":30}},"7":{"start":{"line":13,"column":16},"end":{"line":13,"column":34}},"8":{"start":{"line":21,"column":8},"end":{"line":21,"column":44}},"9":{"start":{"line":25,"column":8},"end":{"line":25,"column":46}},"10":{"start":{"line":29,"column":8},"end":{"line":29,"column":47}},"11":{"start":{"line":33,"column":8},"end":{"line":33,"column":44}},"12":{"start":{"line":37,"column":8},"end":{"line":37,"column":47}},"13":{"start":{"line":41,"column":0},"end":{"line":41,"column":36}}},"fnMap":{"0":{"name":"(anonymous_0)","decl":{"start":{"line":7,"column":22},"end":{"line":7,"column":23}},"loc":{"start":{"line":7,"column":42},"end":{"line":17,"column":1}},"line":7},"1":{"name":"(anonymous_1)","decl":{"start":{"line":8,"column":23},"end":{"line":8,"column":24}},"loc":{"start":{"line":8,"column":44},"end":{"line":16,"column":5}},"line":8},"2":{"name":"(anonymous_2)","decl":{"start":{"line":9,"column":33},"end":{"line":9,"column":34}},"loc":{"start":{"line":9,"column":54},"end":{"line":15,"column":9}},"line":9},"3":{"name":"(anonymous_3)","decl":{"start":{"line":20,"column":4},"end":{"line":20,"column":5}},"loc":{"start":{"line":20,"column":23},"end":{"line":22,"column":5}},"line":20},"4":{"name":"(anonymous_4)","decl":{"start":{"line":24,"column":4},"end":{"line":24,"column":5}},"loc":{"start":{"line":24,"column":25},"end":{"line":26,"column":5}},"line":24},"5":{"name":"(anonymous_5)","decl":{"start":{"line":28,"column":4},"end":{"line":28,"column":5}},"loc":{"start":{"line":28,"column":26},"end":{"line":30,"column":5}},"line":28},"6":{"name":"(anonymous_6)","decl":{"start":{"line":32,"column":4},"end":{"line":32,"column":5}},"loc":{"start":{"line":32,"column":23},"end":{"line":34,"column":5}},"line":32},"7":{"name":"(anonymous_7)","decl":{"start":{"line":36,"column":4},"end":{"line":36,"column":5}},"loc":{"start":{"line":36,"column":26},"end":{"line":38,"column":5}},"line":36}},"branchMap":{"0":{"loc":{"start":{"line":10,"column":12},"end":{"line":14,"column":13}},"type":"if","locations":[{"start":{"line":10,"column":12},"end":{"line":14,"column":13}},{"start":{"line":12,"column":19},"end":{"line":14,"column":13}}],"line":10}},"s":{"0":1,"1":1,"2":1,"3":0,"4":0,"5":0,"6":0,"7":0,"8":0,"9":0,"10":0,"11":0,"12":0,"13":1},"f":{"0":0,"1":0,"2":0,"3":0,"4":0,"5":0,"6":0,"7":0},"b":{"0":[0,0]},"_coverageSchema":"1a1c01bbd47fc00a2c39e90264f33305004495a9","hash":"d9b9a3634bd01fe248ff3bf55f0c5afefe30dc19"}
}
